
<!DOCTYPE html>
<html>


<head>
	<meta charset='UTF-8' /> 
	<meta name='description' content='' />
	<meta name='robots' content='noodp, noydir' />
	<meta name='viewport' content='width=device-width, initial-scale=1' />
	<meta id="timeStampFormat" name="timeStampFormat" content='MMM d, yyyy hh:mm:ss a'/>
	
	<link href='https://fonts.googleapis.com/css?family=Source+Sans+Pro:400,600' rel='stylesheet' type='text/css'>
	<link href="https://fonts.googleapis.com/icon?family=Material+Icons" rel="stylesheet">

		<link href='https://cdn.rawgit.com/anshooarora/extentreports-java/6d3843c29c354373fafad29c03a1a89b7e06c374/dist/css/extent.css' type='text/css' rel='stylesheet' />
	
	<title>WebApplication-TestAutomationResults</title>

</head>

	<body class='extent standard default hide-overflow '>
		<div id='theme-selector' alt='Click to toggle theme. To enable by default, use theme configuration.' title='Click to toggle theme. To enable by default, use theme configuration.'>
			<span><i class='material-icons'>desktop_windows</i></span>
		</div>

<nav>
	<div class="nav-wrapper">
		<a href="#!" class="brand-logo blue darken-3">Extent</a>

		<!-- slideout menu -->
		<ul id='slide-out' class='side-nav fixed hide-on-med-and-down'>
			<li class='waves-effect active'><a href='#!' view='test-view' onclick="configureView(0);chartsView('test');"><i class='material-icons'>dashboard</i></a></li>
						<li class='waves-effect'><a href='#!' view='category-view' onclick="configureView(1)"><i class='material-icons'>label_outline</i></a></li>
			<li class='waves-effect'><a href='#!' view='exception-view' onclick="configureView(2)"><i class='material-icons'>bug_report</i></a></li>
			<li class='waves-effect'><a href='#!' onclick="configureView(-1);chartsView('dashboard');" view='dashboard-view'><i class='material-icons'>track_changes</i></i></a></li>
			<li class='waves-effect'><a href='#!' onclick="configureView(-1)" view='testrunner-logs-view'><i class='material-icons'>note</i></a></li>
		</ul>

		<!-- report name -->
		<span class='report-name'>TestAutomationResults</span>
		
		<!-- report headline -->
		<span class='report-headline'></span>

		<!-- nav-right -->
		<ul id='nav-mobile' class='right hide-on-med-and-down nav-right'>
			<li>
                <a href='#!'>
                    <span class='label suite-start-time blue darken-3'>Mar 9, 2018 05:50:31 PM</span>
				</a>
			</li>
			<li>
                <a href='#!'>
                    <span class='label blue darken-3'>v3.0.6</span>
				</a>
			</li>
		</ul>
	</div>
</nav>

		<!-- container -->
		<div class='container'>

<div id='test-view' class='view'>
				
	<section id='controls'>
		<div class='controls grey lighten-4'>
			<!-- test toggle -->
			<div class='chip transparent'>
				<a class='dropdown-button tests-toggle' data-activates='tests-toggle' data-constrainwidth='true' data-beloworigin='true' data-hover='true' href='#'>
					<i class='material-icons'>warning</i> Status
				</a>
				<ul id='tests-toggle' class='dropdown-content'>
											<li status='pass'><a href='#!'>Pass <i class='material-icons green-text'>check_circle</i></a></li>
						<li status='fail'><a href='#!'>Fail <i class='material-icons red-text'>cancel</i></a></li>
					<li class='divider'></li>
					<li status='clear' clear='true'><a href='#!'>Clear Filters <i class='material-icons'>clear</i></a></li>
				</ul>
			</div>
			<!-- test toggle -->

			<!-- category toggle -->
			<div class='chip transparent'>
				<a class='dropdown-button category-toggle' data-activates='category-toggle' data-constrainwidth='false' data-beloworigin='true' data-hover='true' href='#'>
					<i class='material-icons'>local_offer</i> Category
				</a>
				<ul id='category-toggle' class='dropdown-content'>
					<li><a href='#'>@WT</a></li>
					<li><a href='#'>@tag1</a></li>
					<li class='divider'></li>
					<li class='clear'><a href='#!' clear='true'>Clear Filters</a></li>
				</ul>
			</div>
			<!-- category toggle -->

			<!-- clear filters -->
			<div class='chip transparent hide'>
				<a class='' id='clear-filters' alt='Clear Filters' title='Clear Filters'>
					<i class='material-icons'>close</i> Clear
				</a>
			</div>
			<!-- clear filters -->

			<!-- enable dashboard -->
			<div id='toggle-test-view-charts' class='chip transparent'>
				<a class='pink-text' id='enable-dashboard' alt='Enable Dashboard' title='Enable Dashboard'>
					<i class='material-icons'>track_changes</i> Dashboard
				</a>
			</div>
			<!-- enable dashboard -->

			<!-- search -->
			<div class='chip transparent' alt='Search Tests' title='Search Tests'>
				<a href="#" class='search-div'>
					<i class='material-icons'>search</i> Search
				</a>

				<div class='input-field left hide'>
					<input id='search-tests' type='text' class='validate browser-default' placeholder='Search Tests...'>
				</div>
				
			</div>
			<!-- search -->
		</div>
	</section>


<div id='test-view-charts' class='subview-full'>
	<div id='charts-row' class='row nm-v nm-h'>
		<div class='col s12 m6 l6 np-h'>
			<div class='card-panel nm-v'>
				<div class='left panel-name'>Tests</div>
				<div class='chart-box'>
					<canvas id='parent-analysis' width='100' height='80'></canvas>
				</div>
				<div class='block text-small'>
					<span class='tooltipped' data-position='top' data-tooltip='95%'><span class='strong'>19</span> test(s) passed</span>
				</div>
				<div class='block text-small'>
					<span class='strong tooltipped' data-position='top' data-tooltip='5%'>1</span> test(s) failed, <span class='strong tooltipped' data-position='top' data-tooltip='0%'>0</span> others
				</div>
			</div>
		</div>
		
		<div class='col s12 m6 l6 np-h'>
			<div class='card-panel nm-v'>
				<div class='left panel-name'>Steps</div>
				<div class='chart-box'>
					<canvas id='child-analysis' width='100' height='80'></canvas>
				</div>
				<div class='block text-small'>
					<span class='tooltipped' data-position='top' data-tooltip='95%'><span class='strong'>19</span> step(s) passed</span>
				</div>
				<div class='block text-small'>
					<span class='strong tooltipped' data-position='top' data-tooltip='5%'>1</span> step(s) failed, <span class='strong tooltipped' data-position='top' data-tooltip='0%'>0</span> others
				</div>
			</div>
		</div>
		
	</div>
</div>

	<div class='subview-left left'>
		
		<div class='view-summary'>
			<h5>Tests</h5>
			<ul id='test-collection' class='test-collection'>
				
				
				<li class='test displayed active has-leaf fail' status='fail' bdd='false' test-id='1'>
					<div class='test-heading'>
						<span class='test-name'>Weekly Tracker Login Funcationality</span>
						<span class='test-time'>Mar 9, 2018 05:50:31 PM</span>
						<span class='test-status right fail'>fail</span>
					</div>
					<div class='test-content hide'>
<div class='test-time-info'>
	<span class='label start-time'>Mar 9, 2018 05:50:31 PM</span>
	<span class='label end-time'>Mar 9, 2018 06:06:17 PM</span>
	<span class='label time-taken grey lighten-1 white-text'>0h 15m 45s+673ms</span>
</div>
	<div class='test-attributes'>
			<div class='category-list'>
				<span class='category label white-text'>@WT</span>
			</div>
	</div>
	<ul class='collapsible node-list' data-collapsible='accordion'>
		
				<li class='node level-1  fail' status='fail' test-id='2'>
					<div class='collapsible-header'>
						<div class='node-name'>Scenario: Login to Weekly Tracker Application</div>						
						<span class='node-time'>Mar 9, 2018 05:50:31 PM</span>
						<span class='node-duration'>0h 15m 45s+542ms</span>
						<span class='test-status right fail'>fail</span>
					</div>
						<ul class='collapsible node-list' data-collapsible='accordion'>
				<li class='node level-2 leaf pass' status='pass' test-id='3'>
					<div class='collapsible-header'>
						<div class='node-name'>Given WT As a WT user is in Weekly Tracker login page</div>						
						<span class='node-time'>Mar 9, 2018 05:50:31 PM</span>
						<span class='node-duration'>0h 0m 21s+123ms</span>
						<span class='test-status right pass'>pass</span>
					</div>
						<div class='collapsible-body'>
								<div class='node-steps'>
									<table class='bordered table-results'>
										<thead>
											<tr>
												<th>Status</th>
												<th>Timestamp</th>
												<th>Details</th>
											</tr>
										</thead>
										<tbody>
												<tr class='log' status='pass'>
													<td class='status pass' title='pass' alt='pass'><i class='material-icons'>check_circle</i></td>
													<td class='timestamp'>5:50:52 PM</td>
													<td class='step-details'>passed</td>
												</tr>
										</tbody>
									</table>
								</div>
						</div>
				</li>
				<li class='node level-2 leaf pass' status='pass' test-id='4'>
					<div class='collapsible-header'>
						<div class='node-name'>Then ATF wait for 5 seconds</div>						
						<span class='node-time'>Mar 9, 2018 05:50:52 PM</span>
						<span class='node-duration'>0h 0m 0s+9ms</span>
						<span class='test-status right pass'>pass</span>
					</div>
						<div class='collapsible-body'>
								<div class='node-steps'>
									<table class='bordered table-results'>
										<thead>
											<tr>
												<th>Status</th>
												<th>Timestamp</th>
												<th>Details</th>
											</tr>
										</thead>
										<tbody>
												<tr class='log' status='pass'>
													<td class='status pass' title='pass' alt='pass'><i class='material-icons'>check_circle</i></td>
													<td class='timestamp'>5:50:52 PM</td>
													<td class='step-details'>passed</td>
												</tr>
										</tbody>
									</table>
								</div>
						</div>
				</li>
				<li class='node level-2 leaf pass' status='pass' test-id='5'>
					<div class='collapsible-header'>
						<div class='node-name'>When WT Enter username as "sraju15" and password as "Mar12345"</div>						
						<span class='node-time'>Mar 9, 2018 05:50:52 PM</span>
						<span class='node-duration'>0h 0m 0s+326ms</span>
						<span class='test-status right pass'>pass</span>
					</div>
						<div class='collapsible-body'>
								<div class='node-steps'>
									<table class='bordered table-results'>
										<thead>
											<tr>
												<th>Status</th>
												<th>Timestamp</th>
												<th>Details</th>
											</tr>
										</thead>
										<tbody>
												<tr class='log' status='pass'>
													<td class='status pass' title='pass' alt='pass'><i class='material-icons'>check_circle</i></td>
													<td class='timestamp'>5:50:53 PM</td>
													<td class='step-details'>passed</td>
												</tr>
										</tbody>
									</table>
								</div>
						</div>
				</li>
				<li class='node level-2 leaf pass' status='pass' test-id='6'>
					<div class='collapsible-header'>
						<div class='node-name'>Then WT Click on Login button</div>						
						<span class='node-time'>Mar 9, 2018 05:50:53 PM</span>
						<span class='node-duration'>0h 0m 10s+653ms</span>
						<span class='test-status right pass'>pass</span>
					</div>
						<div class='collapsible-body'>
								<div class='node-steps'>
									<table class='bordered table-results'>
										<thead>
											<tr>
												<th>Status</th>
												<th>Timestamp</th>
												<th>Details</th>
											</tr>
										</thead>
										<tbody>
												<tr class='log' status='pass'>
													<td class='status pass' title='pass' alt='pass'><i class='material-icons'>check_circle</i></td>
													<td class='timestamp'>5:51:03 PM</td>
													<td class='step-details'>passed</td>
												</tr>
										</tbody>
									</table>
								</div>
						</div>
				</li>
				<li class='node level-2 leaf pass' status='pass' test-id='7'>
					<div class='collapsible-header'>
						<div class='node-name'>Then WT User should able to login successfully with "Real World Evidence"</div>						
						<span class='node-time'>Mar 9, 2018 05:51:03 PM</span>
						<span class='node-duration'>0h 0m 2s+659ms</span>
						<span class='test-status right pass'>pass</span>
					</div>
						<div class='collapsible-body'>
								<div class='node-steps'>
									<table class='bordered table-results'>
										<thead>
											<tr>
												<th>Status</th>
												<th>Timestamp</th>
												<th>Details</th>
											</tr>
										</thead>
										<tbody>
												<tr class='log' status='pass'>
													<td class='status pass' title='pass' alt='pass'><i class='material-icons'>check_circle</i></td>
													<td class='timestamp'>5:51:06 PM</td>
													<td class='step-details'>passed</td>
												</tr>
										</tbody>
									</table>
								</div>
						</div>
				</li>
				<li class='node level-2 leaf pass' status='pass' test-id='8'>
					<div class='collapsible-header'>
						<div class='node-name'>Then ATF wait for 10 seconds</div>						
						<span class='node-time'>Mar 9, 2018 05:51:06 PM</span>
						<span class='node-duration'>0h 0m 0s+6ms</span>
						<span class='test-status right pass'>pass</span>
					</div>
						<div class='collapsible-body'>
								<div class='node-steps'>
									<table class='bordered table-results'>
										<thead>
											<tr>
												<th>Status</th>
												<th>Timestamp</th>
												<th>Details</th>
											</tr>
										</thead>
										<tbody>
												<tr class='log' status='pass'>
													<td class='status pass' title='pass' alt='pass'><i class='material-icons'>check_circle</i></td>
													<td class='timestamp'>5:51:06 PM</td>
													<td class='step-details'>passed</td>
												</tr>
										</tbody>
									</table>
								</div>
						</div>
				</li>
				<li class='node level-2 leaf pass' status='pass' test-id='9'>
					<div class='collapsible-header'>
						<div class='node-name'>Then WT navigate to WT HomePage</div>						
						<span class='node-time'>Mar 9, 2018 05:51:06 PM</span>
						<span class='node-duration'>0h 0m 21s+905ms</span>
						<span class='test-status right pass'>pass</span>
					</div>
						<div class='collapsible-body'>
								<div class='node-steps'>
									<table class='bordered table-results'>
										<thead>
											<tr>
												<th>Status</th>
												<th>Timestamp</th>
												<th>Details</th>
											</tr>
										</thead>
										<tbody>
												<tr class='log' status='pass'>
													<td class='status pass' title='pass' alt='pass'><i class='material-icons'>check_circle</i></td>
													<td class='timestamp'>5:51:28 PM</td>
													<td class='step-details'>passed</td>
												</tr>
										</tbody>
									</table>
								</div>
						</div>
				</li>
				<li class='node level-2 leaf pass' status='pass' test-id='10'>
					<div class='collapsible-header'>
						<div class='node-name'>Then ATF wait for 10 seconds</div>						
						<span class='node-time'>Mar 9, 2018 05:51:28 PM</span>
						<span class='node-duration'>0h 0m 0s+40ms</span>
						<span class='test-status right pass'>pass</span>
					</div>
						<div class='collapsible-body'>
								<div class='node-steps'>
									<table class='bordered table-results'>
										<thead>
											<tr>
												<th>Status</th>
												<th>Timestamp</th>
												<th>Details</th>
											</tr>
										</thead>
										<tbody>
												<tr class='log' status='pass'>
													<td class='status pass' title='pass' alt='pass'><i class='material-icons'>check_circle</i></td>
													<td class='timestamp'>5:51:28 PM</td>
													<td class='step-details'>passed</td>
												</tr>
										</tbody>
									</table>
								</div>
						</div>
				</li>
				<li class='node level-2 leaf pass' status='pass' test-id='11'>
					<div class='collapsible-header'>
						<div class='node-name'>And WT click on new report</div>						
						<span class='node-time'>Mar 9, 2018 05:51:28 PM</span>
						<span class='node-duration'>0h 0m 0s+843ms</span>
						<span class='test-status right pass'>pass</span>
					</div>
						<div class='collapsible-body'>
								<div class='node-steps'>
									<table class='bordered table-results'>
										<thead>
											<tr>
												<th>Status</th>
												<th>Timestamp</th>
												<th>Details</th>
											</tr>
										</thead>
										<tbody>
												<tr class='log' status='pass'>
													<td class='status pass' title='pass' alt='pass'><i class='material-icons'>check_circle</i></td>
													<td class='timestamp'>5:51:29 PM</td>
													<td class='step-details'>passed</td>
												</tr>
										</tbody>
									</table>
								</div>
						</div>
				</li>
				<li class='node level-2 leaf pass' status='pass' test-id='12'>
					<div class='collapsible-header'>
						<div class='node-name'>And WT click on Create From New Cohort</div>						
						<span class='node-time'>Mar 9, 2018 05:51:29 PM</span>
						<span class='node-duration'>0h 0m 6s+871ms</span>
						<span class='test-status right pass'>pass</span>
					</div>
						<div class='collapsible-body'>
								<div class='node-steps'>
									<table class='bordered table-results'>
										<thead>
											<tr>
												<th>Status</th>
												<th>Timestamp</th>
												<th>Details</th>
											</tr>
										</thead>
										<tbody>
												<tr class='log' status='pass'>
													<td class='status pass' title='pass' alt='pass'><i class='material-icons'>check_circle</i></td>
													<td class='timestamp'>5:51:36 PM</td>
													<td class='step-details'>passed</td>
												</tr>
										</tbody>
									</table>
								</div>
						</div>
				</li>
				<li class='node level-2 leaf pass' status='pass' test-id='13'>
					<div class='collapsible-header'>
						<div class='node-name'>And WT enter Cohort title as "Testauto33"</div>						
						<span class='node-time'>Mar 9, 2018 05:51:36 PM</span>
						<span class='node-duration'>0h 0m 1s+283ms</span>
						<span class='test-status right pass'>pass</span>
					</div>
						<div class='collapsible-body'>
								<div class='node-steps'>
									<table class='bordered table-results'>
										<thead>
											<tr>
												<th>Status</th>
												<th>Timestamp</th>
												<th>Details</th>
											</tr>
										</thead>
										<tbody>
												<tr class='log' status='pass'>
													<td class='status pass' title='pass' alt='pass'><i class='material-icons'>check_circle</i></td>
													<td class='timestamp'>5:51:37 PM</td>
													<td class='step-details'>passed</td>
												</tr>
										</tbody>
									</table>
								</div>
						</div>
				</li>
				<li class='node level-2 leaf pass' status='pass' test-id='14'>
					<div class='collapsible-header'>
						<div class='node-name'>And WT enter Therapeutic Area as "Testauto12"</div>						
						<span class='node-time'>Mar 9, 2018 05:51:37 PM</span>
						<span class='node-duration'>0h 0m 0s+201ms</span>
						<span class='test-status right pass'>pass</span>
					</div>
						<div class='collapsible-body'>
								<div class='node-steps'>
									<table class='bordered table-results'>
										<thead>
											<tr>
												<th>Status</th>
												<th>Timestamp</th>
												<th>Details</th>
											</tr>
										</thead>
										<tbody>
												<tr class='log' status='pass'>
													<td class='status pass' title='pass' alt='pass'><i class='material-icons'>check_circle</i></td>
													<td class='timestamp'>5:51:37 PM</td>
													<td class='step-details'>passed</td>
												</tr>
										</tbody>
									</table>
								</div>
						</div>
				</li>
				<li class='node level-2 leaf pass' status='pass' test-id='15'>
					<div class='collapsible-header'>
						<div class='node-name'>And WT enter Descriiption as "TestAutomation"</div>						
						<span class='node-time'>Mar 9, 2018 05:51:37 PM</span>
						<span class='node-duration'>0h 0m 0s+219ms</span>
						<span class='test-status right pass'>pass</span>
					</div>
						<div class='collapsible-body'>
								<div class='node-steps'>
									<table class='bordered table-results'>
										<thead>
											<tr>
												<th>Status</th>
												<th>Timestamp</th>
												<th>Details</th>
											</tr>
										</thead>
										<tbody>
												<tr class='log' status='pass'>
													<td class='status pass' title='pass' alt='pass'><i class='material-icons'>check_circle</i></td>
													<td class='timestamp'>5:51:37 PM</td>
													<td class='step-details'>passed</td>
												</tr>
										</tbody>
									</table>
								</div>
						</div>
				</li>
				<li class='node level-2 leaf pass' status='pass' test-id='16'>
					<div class='collapsible-header'>
						<div class='node-name'>And WT click on next button</div>						
						<span class='node-time'>Mar 9, 2018 05:51:37 PM</span>
						<span class='node-duration'>0h 0m 0s+126ms</span>
						<span class='test-status right pass'>pass</span>
					</div>
						<div class='collapsible-body'>
								<div class='node-steps'>
									<table class='bordered table-results'>
										<thead>
											<tr>
												<th>Status</th>
												<th>Timestamp</th>
												<th>Details</th>
											</tr>
										</thead>
										<tbody>
												<tr class='log' status='pass'>
													<td class='status pass' title='pass' alt='pass'><i class='material-icons'>check_circle</i></td>
													<td class='timestamp'>5:51:37 PM</td>
													<td class='step-details'>passed</td>
												</tr>
										</tbody>
									</table>
								</div>
						</div>
				</li>
				<li class='node level-2 leaf pass' status='pass' test-id='17'>
					<div class='collapsible-header'>
						<div class='node-name'>And WT select DataSource</div>						
						<span class='node-time'>Mar 9, 2018 05:51:37 PM</span>
						<span class='node-duration'>0h 0m 1s+799ms</span>
						<span class='test-status right pass'>pass</span>
					</div>
						<div class='collapsible-body'>
								<div class='node-steps'>
									<table class='bordered table-results'>
										<thead>
											<tr>
												<th>Status</th>
												<th>Timestamp</th>
												<th>Details</th>
											</tr>
										</thead>
										<tbody>
												<tr class='log' status='pass'>
													<td class='status pass' title='pass' alt='pass'><i class='material-icons'>check_circle</i></td>
													<td class='timestamp'>5:51:39 PM</td>
													<td class='step-details'>passed</td>
												</tr>
										</tbody>
									</table>
								</div>
						</div>
				</li>
				<li class='node level-2 leaf pass' status='pass' test-id='18'>
					<div class='collapsible-header'>
						<div class='node-name'>And WT select Timeperiod</div>						
						<span class='node-time'>Mar 9, 2018 05:51:39 PM</span>
						<span class='node-duration'>0h 0m 15s+206ms</span>
						<span class='test-status right pass'>pass</span>
					</div>
						<div class='collapsible-body'>
								<div class='node-steps'>
									<table class='bordered table-results'>
										<thead>
											<tr>
												<th>Status</th>
												<th>Timestamp</th>
												<th>Details</th>
											</tr>
										</thead>
										<tbody>
												<tr class='log' status='pass'>
													<td class='status pass' title='pass' alt='pass'><i class='material-icons'>check_circle</i></td>
													<td class='timestamp'>5:51:54 PM</td>
													<td class='step-details'>passed</td>
												</tr>
										</tbody>
									</table>
								</div>
						</div>
				</li>
				<li class='node level-2 leaf pass' status='pass' test-id='19'>
					<div class='collapsible-header'>
						<div class='node-name'>And WT click on Cohort next button</div>						
						<span class='node-time'>Mar 9, 2018 05:51:54 PM</span>
						<span class='node-duration'>0h 0m 15s+115ms</span>
						<span class='test-status right pass'>pass</span>
					</div>
						<div class='collapsible-body'>
								<div class='node-steps'>
									<table class='bordered table-results'>
										<thead>
											<tr>
												<th>Status</th>
												<th>Timestamp</th>
												<th>Details</th>
											</tr>
										</thead>
										<tbody>
												<tr class='log' status='pass'>
													<td class='status pass' title='pass' alt='pass'><i class='material-icons'>check_circle</i></td>
													<td class='timestamp'>5:52:09 PM</td>
													<td class='step-details'>passed</td>
												</tr>
										</tbody>
									</table>
								</div>
						</div>
				</li>
				<li class='node level-2 leaf pass' status='pass' test-id='20'>
					<div class='collapsible-header'>
						<div class='node-name'>And WT select CoverageSelections</div>						
						<span class='node-time'>Mar 9, 2018 05:52:09 PM</span>
						<span class='node-duration'>0h 3m 3s+570ms</span>
						<span class='test-status right pass'>pass</span>
					</div>
						<div class='collapsible-body'>
								<div class='node-steps'>
									<table class='bordered table-results'>
										<thead>
											<tr>
												<th>Status</th>
												<th>Timestamp</th>
												<th>Details</th>
											</tr>
										</thead>
										<tbody>
												<tr class='log' status='pass'>
													<td class='status pass' title='pass' alt='pass'><i class='material-icons'>check_circle</i></td>
													<td class='timestamp'>5:55:13 PM</td>
													<td class='step-details'>passed</td>
												</tr>
										</tbody>
									</table>
								</div>
						</div>
				</li>
				<li class='node level-2 leaf pass' status='pass' test-id='21'>
					<div class='collapsible-header'>
						<div class='node-name'>And WT select MedSelections</div>						
						<span class='node-time'>Mar 9, 2018 05:55:13 PM</span>
						<span class='node-duration'>0h 2m 29s+751ms</span>
						<span class='test-status right pass'>pass</span>
					</div>
						<div class='collapsible-body'>
								<div class='node-steps'>
									<table class='bordered table-results'>
										<thead>
											<tr>
												<th>Status</th>
												<th>Timestamp</th>
												<th>Details</th>
											</tr>
										</thead>
										<tbody>
												<tr class='log' status='pass'>
													<td class='status pass' title='pass' alt='pass'><i class='material-icons'>check_circle</i></td>
													<td class='timestamp'>5:57:43 PM</td>
													<td class='step-details'>passed</td>
												</tr>
										</tbody>
									</table>
								</div>
						</div>
				</li>
				<li class='node level-2 leaf fail' status='fail' test-id='22'>
					<div class='collapsible-header'>
						<div class='node-name'>And WT select GenerateCohort</div>						
						<span class='node-time'>Mar 9, 2018 05:57:43 PM</span>
						<span class='node-duration'>0h 8m 33s+779ms</span>
						<span class='test-status right fail'>fail</span>
					</div>
						<div class='collapsible-body'>
								<div class='node-steps'>
									<table class='bordered table-results'>
										<thead>
											<tr>
												<th>Status</th>
												<th>Timestamp</th>
												<th>Details</th>
											</tr>
										</thead>
										<tbody>
												<tr class='log' status='fail'>
													<td class='status fail' title='fail' alt='fail'><i class='material-icons'>cancel</i></td>
													<td class='timestamp'>6:06:17 PM</td>
													<td class='step-details'><pre>org.openqa.selenium.TimeoutException: Expected condition failed: waiting for element to be clickable: Proxy element for: DefaultElementLocator 'By.xpath: //img[@src='/wt/app/common/images/export.png']' (tried for 200 second(s) with 500 MILLISECONDS interval)
	at org.openqa.selenium.support.ui.WebDriverWait.timeoutException(WebDriverWait.java:82)
	at org.openqa.selenium.support.ui.FluentWait.until(FluentWait.java:231)
	at com.wt.Automation.pages.WeeklyTrackerHomePage.GenerateCohort(WeeklyTrackerHomePage.java:479)
	at com.wt.Automation.stepDefinitions.WTStepDefinitions.wt_select_GenerateCohort(WTStepDefinitions.java:148)
	at ✽.And WT select GenerateCohort(WTLoginTestcases.feature:27)
Caused by: org.openqa.selenium.NoSuchElementException: no such element: Unable to locate element: {"method":"xpath","selector":"//img[@src='/wt/app/common/images/export.png']"}
  (Session info: chrome=64.0.3282.186)
  (Driver info: chromedriver=2.35.528161 (5b82f2d2aae0ca24b877009200ced9065a772e73),platform=Windows NT 6.1.7601 SP1 x86_64) (WARNING: The server did not provide any stacktrace information)
Command duration or timeout: 0 milliseconds
For documentation on this error, please visit: http://seleniumhq.org/exceptions/no_such_element.html
Build info: version: '3.7.1', revision: '8a0099a', time: '2017-11-06T21:01:39.354Z'
System info: host: 'LH7U05CG62521XW', ip: '10.198.53.154', os.name: 'Windows 7', os.arch: 'amd64', os.version: '6.1', java.version: '1.8.0_91'
Driver info: org.openqa.selenium.chrome.ChromeDriver
Capabilities {acceptInsecureCerts: false, acceptSslCerts: false, applicationCacheEnabled: false, browserConnectionEnabled: false, browserName: chrome, chrome: {chromedriverVersion: 2.35.528161 (5b82f2d2aae0ca..., userDataDir: C:\Users\sraju15\AppData\Lo...}, cssSelectorsEnabled: true, databaseEnabled: false, handlesAlerts: true, hasTouchScreen: false, javascriptEnabled: true, locationContextEnabled: true, mobileEmulationEnabled: false, nativeEvents: true, networkConnectionEnabled: false, pageLoadStrategy: normal, platform: XP, platformName: XP, rotatable: false, setWindowRect: true, takesHeapSnapshot: true, takesScreenshot: true, unexpectedAlertBehaviour: , unhandledPromptBehavior: , version: 64.0.3282.186, webStorageEnabled: true}
Session ID: cc71049826e13c288db1f7b72101e041
*** Element info: {Using=xpath, value=//img[@src='/wt/app/common/images/export.png']}
	at sun.reflect.NativeConstructorAccessorImpl.newInstance0(Native Method)
	at sun.reflect.NativeConstructorAccessorImpl.newInstance(NativeConstructorAccessorImpl.java:62)
	at sun.reflect.DelegatingConstructorAccessorImpl.newInstance(DelegatingConstructorAccessorImpl.java:45)
	at java.lang.reflect.Constructor.newInstance(Constructor.java:423)
	at org.openqa.selenium.remote.ErrorHandler.createThrowable(ErrorHandler.java:214)
	at org.openqa.selenium.remote.ErrorHandler.throwIfResponseFailed(ErrorHandler.java:166)
	at org.openqa.selenium.remote.http.JsonHttpResponseCodec.reconstructValue(JsonHttpResponseCodec.java:40)
	at org.openqa.selenium.remote.http.AbstractHttpResponseCodec.decode(AbstractHttpResponseCodec.java:80)
	at org.openqa.selenium.remote.http.AbstractHttpResponseCodec.decode(AbstractHttpResponseCodec.java:44)
	at org.openqa.selenium.remote.HttpCommandExecutor.execute(HttpCommandExecutor.java:164)
	at org.openqa.selenium.remote.service.DriverCommandExecutor.execute(DriverCommandExecutor.java:83)
	at org.openqa.selenium.remote.RemoteWebDriver.execute(RemoteWebDriver.java:600)
	at org.openqa.selenium.remote.RemoteWebDriver.findElement(RemoteWebDriver.java:370)
	at org.openqa.selenium.remote.RemoteWebDriver.findElementByXPath(RemoteWebDriver.java:472)
	at org.openqa.selenium.By$ByXPath.findElement(By.java:361)
	at org.openqa.selenium.remote.RemoteWebDriver.findElement(RemoteWebDriver.java:362)
	at org.openqa.selenium.support.pagefactory.DefaultElementLocator.findElement(DefaultElementLocator.java:69)
	at org.openqa.selenium.support.pagefactory.internal.LocatingElementHandler.invoke(LocatingElementHandler.java:38)
	at com.sun.proxy.$Proxy18.isDisplayed(Unknown Source)
	at org.openqa.selenium.support.ui.ExpectedConditions.elementIfVisible(ExpectedConditions.java:301)
	at org.openqa.selenium.support.ui.ExpectedConditions.access$100(ExpectedConditions.java:43)
	at org.openqa.selenium.support.ui.ExpectedConditions$10.apply(ExpectedConditions.java:287)
	at org.openqa.selenium.support.ui.ExpectedConditions$10.apply(ExpectedConditions.java:284)
	at org.openqa.selenium.support.ui.ExpectedConditions$23.apply(ExpectedConditions.java:672)
	at org.openqa.selenium.support.ui.ExpectedConditions$23.apply(ExpectedConditions.java:668)
	at org.openqa.selenium.support.ui.FluentWait.until(FluentWait.java:208)
	at com.wt.Automation.pages.WeeklyTrackerHomePage.GenerateCohort(WeeklyTrackerHomePage.java:479)
	at com.wt.Automation.stepDefinitions.WTStepDefinitions.wt_select_GenerateCohort(WTStepDefinitions.java:148)
	at sun.reflect.NativeMethodAccessorImpl.invoke0(Native Method)
	at sun.reflect.NativeMethodAccessorImpl.invoke(NativeMethodAccessorImpl.java:62)
	at sun.reflect.DelegatingMethodAccessorImpl.invoke(DelegatingMethodAccessorImpl.java:43)
	at java.lang.reflect.Method.invoke(Method.java:498)
	at cucumber.runtime.Utils$1.call(Utils.java:37)
	at cucumber.runtime.Timeout.timeout(Timeout.java:13)
	at cucumber.runtime.Utils.invoke(Utils.java:31)
	at cucumber.runtime.java.JavaStepDefinition.execute(JavaStepDefinition.java:38)
	at cucumber.runtime.StepDefinitionMatch.runStep(StepDefinitionMatch.java:37)
	at cucumber.runtime.Runtime.runStep(Runtime.java:299)
	at cucumber.runtime.model.StepContainer.runStep(StepContainer.java:44)
	at cucumber.runtime.model.StepContainer.runSteps(StepContainer.java:39)
	at cucumber.runtime.model.CucumberScenario.run(CucumberScenario.java:44)
	at cucumber.runtime.junit.ExecutionUnitRunner.run(ExecutionUnitRunner.java:91)
	at cucumber.runtime.junit.FeatureRunner.runChild(FeatureRunner.java:63)
	at cucumber.runtime.junit.FeatureRunner.runChild(FeatureRunner.java:18)
	at org.junit.runners.ParentRunner$3.run(ParentRunner.java:290)
	at org.junit.runners.ParentRunner$1.schedule(ParentRunner.java:71)
	at org.junit.runners.ParentRunner.runChildren(ParentRunner.java:288)
	at org.junit.runners.ParentRunner.access$000(ParentRunner.java:58)
	at org.junit.runners.ParentRunner$2.evaluate(ParentRunner.java:268)
	at org.junit.runners.ParentRunner.run(ParentRunner.java:363)
	at cucumber.runtime.junit.FeatureRunner.run(FeatureRunner.java:70)
	at cucumber.api.junit.Cucumber.runChild(Cucumber.java:93)
	at cucumber.api.junit.Cucumber.runChild(Cucumber.java:37)
	at org.junit.runners.ParentRunner$3.run(ParentRunner.java:290)
	at org.junit.runners.ParentRunner$1.schedule(ParentRunner.java:71)
	at org.junit.runners.ParentRunner.runChildren(ParentRunner.java:288)
	at org.junit.runners.ParentRunner.access$000(ParentRunner.java:58)
	at org.junit.runners.ParentRunner$2.evaluate(ParentRunner.java:268)
	at org.junit.internal.runners.statements.RunAfters.evaluate(RunAfters.java:27)
	at org.junit.runners.ParentRunner.run(ParentRunner.java:363)
	at cucumber.api.junit.Cucumber.run(Cucumber.java:98)
	at org.eclipse.jdt.internal.junit4.runner.JUnit4TestReference.run(JUnit4TestReference.java:86)
	at org.eclipse.jdt.internal.junit.runner.TestExecution.run(TestExecution.java:38)
	at org.eclipse.jdt.internal.junit.runner.RemoteTestRunner.runTests(RemoteTestRunner.java:459)
	at org.eclipse.jdt.internal.junit.runner.RemoteTestRunner.runTests(RemoteTestRunner.java:678)
	at org.eclipse.jdt.internal.junit.runner.RemoteTestRunner.run(RemoteTestRunner.java:382)
	at org.eclipse.jdt.internal.junit.runner.RemoteTestRunner.main(RemoteTestRunner.java:192)
</pre></td>
												</tr>
										</tbody>
									</table>
								</div>
						</div>
				</li>
						</ul>
				</li>
	</ul>
					</div>
				</li>
			</ul>
		</div>
	</div>
	<!-- subview left -->

	<div class='subview-right left'>
		<div class='view-summary'>
			<h5 class='test-name'></h5>

			<div id='step-filters' class="right">
				<span class="blue-text" status="info" alt="info" title="info"><i class="material-icons">info_outline</i></span>
				<span class="green-text" status="pass" alt="pass" title="pass"><i class="material-icons">check_circle</i></span>
				<span class="red-text" status="fail" alt="fail" title="fail"><i class="material-icons">cancel</i></span>
				<span class="red-text text-darken-4" status="fatal" alt="fatal" title="fatal"><i class="material-icons">cancel</i></span>
				<span class="pink-text text-lighten-1" status="error" alt="error" title="error"><i class="material-icons">error</i></span>
				<span class="orange-text" alt="warning" status="warning" title="warning"><i class="material-icons">warning</i></span>
				<span class="teal-text" status="skip" alt="skip" title="skip"><i class="material-icons">redo</i></span>
				<span status="clear" alt="Clear filters" title="Clear filters"><i class="material-icons">clear</i></span>
			</div>
		</div>
	</div>
	<!-- subview right -->

</div>
<!-- test view -->
<div id='category-view' class='view hide'>

	<section id='controls'>
		<div class='controls grey lighten-4'>
			<!-- search -->
			<div class='chip transparent' alt='Search Tests' title='Search Tests'>
				<a href="#" class='search-div'>
					<i class='material-icons'>search</i> Search
				</a>
				
				<div class='input-field left hide'>
					<input id='search-tests' type='text' class='validate browser-default' placeholder='Search Tests...'>
				</div>
				
			</div>
			<!-- search -->
		</div>
	</section>

	<div class='subview-left left'>
		
		<div class='view-summary'>
			<h5>Categories</h3>
			<ul id='category-collection' class='category-collection'>
				
				<li class='category displayed active'>
					<div class='category-heading'>
						<span class='category-name'>@WT</span>
						<span class='category-status right'>
							<span class='label fail'>1</span>
						</span>
					</div>
					<div class='category-content hide'>
						<div class='category-status-counts'>
							
							<span class='label red lighten-1 white-text'>Failed: 1</span>
							
						</div>
					
						<div class='category-tests'>
							<table class='bordered table-results'>
								<thead>
									<tr>
										<th>Timestamp</th>
										<th>TestName</th>
										<th>Status</th>
									</tr>
								</thead>
								<tbody>
									<tr>
										<td>Mar 9, 2018 05:50:31 PM</td>
										<td class='linked' test-id='1'>Weekly Tracker Login Funcationality</td>
										<td><span class='test-status fail'>fail</span></td>
									</tr>
								</tbody>
							</table>
						</div>
					</div>
				</li>
				<li class='category displayed active'>
					<div class='category-heading'>
						<span class='category-name'>@tag1</span>
						<span class='category-status right'>
							<span class='label fail'>1</span>
						</span>
					</div>
					<div class='category-content hide'>
						<div class='category-status-counts'>
							
							<span class='label red lighten-1 white-text'>Failed: 1</span>
							
						</div>
					
						<div class='category-tests'>
							<table class='bordered table-results'>
								<thead>
									<tr>
										<th>Timestamp</th>
										<th>TestName</th>
										<th>Status</th>
									</tr>
								</thead>
								<tbody>
									<tr>
										<td>Mar 9, 2018 05:50:31 PM</td>
										<td class='linked' test-id='2'>Weekly Tracker Login Funcationality.Scenario: Login to Weekly Tracker Application</td>
										<td><span class='test-status fail'>fail</span></td>
									</tr>
								</tbody>
							</table>
						</div>
					</div>
				</li>

			</ul>
		</div>
	</div>

	<div class='subview-right left'>
		<div class='view-summary'>
			<h5 class='category-name'></h5>
		</div>
	</div>
</div>
<!-- category view -->
<div id='exception-view' class='view hide'>

    <section id='controls'>
        <div class='controls grey lighten-4'>
            <!-- search -->
            <div class='chip transparent' alt='Search Tests' title='Search Tests'>
                <a href="#" class='search-div'>
                    <i class='material-icons'>search</i> Search
                </a>

                <div class='input-field left hide'>
                    <input id='search-tests' type='text' class='validate browser-default' placeholder='Search Tests...'>
                </div>

            </div>
            <!-- search -->
        </div>
    </section>

    <div class='subview-left left'>

        <div class='view-summary'>
            <h5>Exceptions</h3>
                <ul id='exception-collection' class='exception-collection'>

                        <li class='exception displayed active'>
                            <div class='exception-heading'>
                                <span class='exception-name'>org.openqa.selenium.TimeoutException</span>
                                <span class='exception-count right'><span class='label red lighten-1 white-text'>1</span></span>
                            </div>
                            <div class='exception-content hide'>
                                <div class='exception-tests'>
                                    <table class='bordered table-results'>
                                        <thead>
                                        <tr>
                                            <th>Timestamp</th>
                                            <th>TestName</th>
                                            <th>Status</th>
                                        </tr>
                                        </thead>
                                        <tbody>
                                                    <tr>
                                                        <td>Mar 9, 2018 05:57:43 PM</td>
                                                        <td class='linked' test-id='22'>Weekly Tracker Login Funcationality.Scenario: Login to Weekly Tracker Application.And WT select GenerateCohort</td>
                                                        <td><pre><pre>org.openqa.selenium.TimeoutException: Expected condition failed: waiting for element to be clickable: Proxy element for: DefaultElementLocator 'By.xpath: //img[@src='/wt/app/common/images/export.png']' (tried for 200 second(s) with 500 MILLISECONDS interval)
	at org.openqa.selenium.support.ui.WebDriverWait.timeoutException(WebDriverWait.java:82)
	at org.openqa.selenium.support.ui.FluentWait.until(FluentWait.java:231)
	at com.wt.Automation.pages.WeeklyTrackerHomePage.GenerateCohort(WeeklyTrackerHomePage.java:479)
	at com.wt.Automation.stepDefinitions.WTStepDefinitions.wt_select_GenerateCohort(WTStepDefinitions.java:148)
	at ✽.And WT select GenerateCohort(WTLoginTestcases.feature:27)
Caused by: org.openqa.selenium.NoSuchElementException: no such element: Unable to locate element: {"method":"xpath","selector":"//img[@src='/wt/app/common/images/export.png']"}
  (Session info: chrome=64.0.3282.186)
  (Driver info: chromedriver=2.35.528161 (5b82f2d2aae0ca24b877009200ced9065a772e73),platform=Windows NT 6.1.7601 SP1 x86_64) (WARNING: The server did not provide any stacktrace information)
Command duration or timeout: 0 milliseconds
For documentation on this error, please visit: http://seleniumhq.org/exceptions/no_such_element.html
Build info: version: '3.7.1', revision: '8a0099a', time: '2017-11-06T21:01:39.354Z'
System info: host: 'LH7U05CG62521XW', ip: '10.198.53.154', os.name: 'Windows 7', os.arch: 'amd64', os.version: '6.1', java.version: '1.8.0_91'
Driver info: org.openqa.selenium.chrome.ChromeDriver
Capabilities {acceptInsecureCerts: false, acceptSslCerts: false, applicationCacheEnabled: false, browserConnectionEnabled: false, browserName: chrome, chrome: {chromedriverVersion: 2.35.528161 (5b82f2d2aae0ca..., userDataDir: C:\Users\sraju15\AppData\Lo...}, cssSelectorsEnabled: true, databaseEnabled: false, handlesAlerts: true, hasTouchScreen: false, javascriptEnabled: true, locationContextEnabled: true, mobileEmulationEnabled: false, nativeEvents: true, networkConnectionEnabled: false, pageLoadStrategy: normal, platform: XP, platformName: XP, rotatable: false, setWindowRect: true, takesHeapSnapshot: true, takesScreenshot: true, unexpectedAlertBehaviour: , unhandledPromptBehavior: , version: 64.0.3282.186, webStorageEnabled: true}
Session ID: cc71049826e13c288db1f7b72101e041
*** Element info: {Using=xpath, value=//img[@src='/wt/app/common/images/export.png']}
	at sun.reflect.NativeConstructorAccessorImpl.newInstance0(Native Method)
	at sun.reflect.NativeConstructorAccessorImpl.newInstance(NativeConstructorAccessorImpl.java:62)
	at sun.reflect.DelegatingConstructorAccessorImpl.newInstance(DelegatingConstructorAccessorImpl.java:45)
	at java.lang.reflect.Constructor.newInstance(Constructor.java:423)
	at org.openqa.selenium.remote.ErrorHandler.createThrowable(ErrorHandler.java:214)
	at org.openqa.selenium.remote.ErrorHandler.throwIfResponseFailed(ErrorHandler.java:166)
	at org.openqa.selenium.remote.http.JsonHttpResponseCodec.reconstructValue(JsonHttpResponseCodec.java:40)
	at org.openqa.selenium.remote.http.AbstractHttpResponseCodec.decode(AbstractHttpResponseCodec.java:80)
	at org.openqa.selenium.remote.http.AbstractHttpResponseCodec.decode(AbstractHttpResponseCodec.java:44)
	at org.openqa.selenium.remote.HttpCommandExecutor.execute(HttpCommandExecutor.java:164)
	at org.openqa.selenium.remote.service.DriverCommandExecutor.execute(DriverCommandExecutor.java:83)
	at org.openqa.selenium.remote.RemoteWebDriver.execute(RemoteWebDriver.java:600)
	at org.openqa.selenium.remote.RemoteWebDriver.findElement(RemoteWebDriver.java:370)
	at org.openqa.selenium.remote.RemoteWebDriver.findElementByXPath(RemoteWebDriver.java:472)
	at org.openqa.selenium.By$ByXPath.findElement(By.java:361)
	at org.openqa.selenium.remote.RemoteWebDriver.findElement(RemoteWebDriver.java:362)
	at org.openqa.selenium.support.pagefactory.DefaultElementLocator.findElement(DefaultElementLocator.java:69)
	at org.openqa.selenium.support.pagefactory.internal.LocatingElementHandler.invoke(LocatingElementHandler.java:38)
	at com.sun.proxy.$Proxy18.isDisplayed(Unknown Source)
	at org.openqa.selenium.support.ui.ExpectedConditions.elementIfVisible(ExpectedConditions.java:301)
	at org.openqa.selenium.support.ui.ExpectedConditions.access$100(ExpectedConditions.java:43)
	at org.openqa.selenium.support.ui.ExpectedConditions$10.apply(ExpectedConditions.java:287)
	at org.openqa.selenium.support.ui.ExpectedConditions$10.apply(ExpectedConditions.java:284)
	at org.openqa.selenium.support.ui.ExpectedConditions$23.apply(ExpectedConditions.java:672)
	at org.openqa.selenium.support.ui.ExpectedConditions$23.apply(ExpectedConditions.java:668)
	at org.openqa.selenium.support.ui.FluentWait.until(FluentWait.java:208)
	at com.wt.Automation.pages.WeeklyTrackerHomePage.GenerateCohort(WeeklyTrackerHomePage.java:479)
	at com.wt.Automation.stepDefinitions.WTStepDefinitions.wt_select_GenerateCohort(WTStepDefinitions.java:148)
	at sun.reflect.NativeMethodAccessorImpl.invoke0(Native Method)
	at sun.reflect.NativeMethodAccessorImpl.invoke(NativeMethodAccessorImpl.java:62)
	at sun.reflect.DelegatingMethodAccessorImpl.invoke(DelegatingMethodAccessorImpl.java:43)
	at java.lang.reflect.Method.invoke(Method.java:498)
	at cucumber.runtime.Utils$1.call(Utils.java:37)
	at cucumber.runtime.Timeout.timeout(Timeout.java:13)
	at cucumber.runtime.Utils.invoke(Utils.java:31)
	at cucumber.runtime.java.JavaStepDefinition.execute(JavaStepDefinition.java:38)
	at cucumber.runtime.StepDefinitionMatch.runStep(StepDefinitionMatch.java:37)
	at cucumber.runtime.Runtime.runStep(Runtime.java:299)
	at cucumber.runtime.model.StepContainer.runStep(StepContainer.java:44)
	at cucumber.runtime.model.StepContainer.runSteps(StepContainer.java:39)
	at cucumber.runtime.model.CucumberScenario.run(CucumberScenario.java:44)
	at cucumber.runtime.junit.ExecutionUnitRunner.run(ExecutionUnitRunner.java:91)
	at cucumber.runtime.junit.FeatureRunner.runChild(FeatureRunner.java:63)
	at cucumber.runtime.junit.FeatureRunner.runChild(FeatureRunner.java:18)
	at org.junit.runners.ParentRunner$3.run(ParentRunner.java:290)
	at org.junit.runners.ParentRunner$1.schedule(ParentRunner.java:71)
	at org.junit.runners.ParentRunner.runChildren(ParentRunner.java:288)
	at org.junit.runners.ParentRunner.access$000(ParentRunner.java:58)
	at org.junit.runners.ParentRunner$2.evaluate(ParentRunner.java:268)
	at org.junit.runners.ParentRunner.run(ParentRunner.java:363)
	at cucumber.runtime.junit.FeatureRunner.run(FeatureRunner.java:70)
	at cucumber.api.junit.Cucumber.runChild(Cucumber.java:93)
	at cucumber.api.junit.Cucumber.runChild(Cucumber.java:37)
	at org.junit.runners.ParentRunner$3.run(ParentRunner.java:290)
	at org.junit.runners.ParentRunner$1.schedule(ParentRunner.java:71)
	at org.junit.runners.ParentRunner.runChildren(ParentRunner.java:288)
	at org.junit.runners.ParentRunner.access$000(ParentRunner.java:58)
	at org.junit.runners.ParentRunner$2.evaluate(ParentRunner.java:268)
	at org.junit.internal.runners.statements.RunAfters.evaluate(RunAfters.java:27)
	at org.junit.runners.ParentRunner.run(ParentRunner.java:363)
	at cucumber.api.junit.Cucumber.run(Cucumber.java:98)
	at org.eclipse.jdt.internal.junit4.runner.JUnit4TestReference.run(JUnit4TestReference.java:86)
	at org.eclipse.jdt.internal.junit.runner.TestExecution.run(TestExecution.java:38)
	at org.eclipse.jdt.internal.junit.runner.RemoteTestRunner.runTests(RemoteTestRunner.java:459)
	at org.eclipse.jdt.internal.junit.runner.RemoteTestRunner.runTests(RemoteTestRunner.java:678)
	at org.eclipse.jdt.internal.junit.runner.RemoteTestRunner.run(RemoteTestRunner.java:382)
	at org.eclipse.jdt.internal.junit.runner.RemoteTestRunner.main(RemoteTestRunner.java:192)
</pre></pre></td>
                                                    </tr>
                                        </tbody>
                                    </table>
                                </div>
                            </div>
                        </li>
                </ul>
        </div>
    </div>

    <div class='subview-right left'>
        <div class='view-summary'>
            <h5 class='exception-name'></h5>
        </div>
    </div>
</div>
<!-- exception view -->
<div id='dashboard-view' class='view hide'>
	<div class='card-panel transparent np-v'>
		<h5>Dashboard</h5>

		<div class='row'>
			<div class='col s2'>
				<div class='card-panel r'>
					Tests
					<div class='panel-lead'>20</div>
				</div>
			</div>
			<div class='col s2'>
				<div class='card-panel r'>
					Steps
					<div class='panel-lead'>20</div>
				</div>
			</div>
			<div class='col s2'>
				<div class='card-panel r'>
					Start
					<div class='panel-lead'>Mar 9, 2018 05:50:31 PM</div>
				</div>
			</div>
			<div class='col s2'>
				<div class='card-panel r'>
			 		End
			 		<div class='panel-lead'>Mar 9, 2018 06:06:17 PM</div>
				</div>
			</div>
			<div class='col s2'>
				<div class='card-panel r'>
					Time Taken
					<div class='panel-lead'>945,952ms</div>
				</div>
			</div>
			<div class='col s4'>
				<div class='card-panel environment'>
					<span class='right label cyan white-text'>Environment</span><p>&nbsp;</p>
					
					<table>
						<tr>
							<th>Name</th>
							<th>Value</th>
						</tr>
							<tr>
								<td>user</td>
								<td>sraju15</td>
							</tr>
							<tr>
								<td>os</td>
								<td>Windows</td>
							</tr>
							<tr>
								<td>Browser Name</td>
								<td>Firefox</td>
							</tr>
					</table>
				</div>
			</div>
			<div class='col s4'>
				<div class='card-panel'>
					<span class='right label cyan white-text'>Categories</span><p>&nbsp;</p>
					
					<table>
						<tr>
							<th>Name</th>
							<th>Passed</th>
							<th>Failed</th>
							<th>Others</th>
						</tr>
						<tr>
							<td>@WT</td>
							<td>0</td>
							<td>1</td>
							<td>0</td>
						</tr>
						<tr>
							<td>@tag1</td>
							<td>0</td>
							<td>1</td>
							<td>0</td>
						</tr>
					</table>
				</div>
			</div>
		</div>
	</div>
</div>
<!-- dashboard view -->
<div id='testrunner-logs-view' class='view hide'>
	<div class='card-panel transparent np-v'>
		<h5>TestRunner Logs</h5>
		
		<div class='card-panel'>
				Running Web ApplicationTestcases Test Executions
		</div>
	</div>
</div>
<!-- testrunner-logs view -->
		</div>
		<!-- container -->

		<script>
			var statusGroup = {
				passParent: 19,
				failParent: 1,
				fatalParent: 0,
				errorParent: 0,
				warningParent: 0,
				skipParent: 0,
				exceptionsParent: 1,
				
				passChild: 19,
				failChild: 1,
				fatalChild: 0,
				errorChild: 0,
				warningChild: 0,
				skipChild: 0,
				infoChild: 0,
				exceptionsChild: 1,
				
				passGrandChild: 0,
				failGrandChild: 0,
				fatalGrandChild: 0,
				errorGrandChild: 0,
				warningGrandChild: 0,
				skipGrandChild: 0,
				infoGrandChild: 0,
				exceptionsGrandChild: 0,
			};
		</script>
		
			<script src='https://cdn.rawgit.com/anshooarora/extentreports-java/5ed7b0c339b51aa347b44ccaa2e2ff29905b2f9f/dist/js/extent.js' type='text/javascript'></script>
		
		
	</body>
	
</html>
